<?xml version="1.0" encoding="UTF-8"?>
<!-- Generated by org.testng.reporters.JUnitReportReporter -->
<testsuite skipped="0" hostname="OGITs-MacBook-Pro.local" name="com.iptiq.loadbalancer.RoundRobinLoadBalancerTest" tests="2" failures="0" timestamp="2020-06-23T02:44:38 CEST" time="0.106" errors="0">
  <testcase name="shouldGetRoundRobinProvider" time="0.105" classname="com.iptiq.loadbalancer.RoundRobinLoadBalancerTest"/>
  <system-out/>
  <testcase name="shouldThrowNoAvailableProvidersException" time="0.001" classname="com.iptiq.loadbalancer.RoundRobinLoadBalancerTest"/>
  <system-out/>
</testsuite> <!-- com.iptiq.loadbalancer.RoundRobinLoadBalancerTest -->
