<?xml version="1.0" encoding="UTF-8"?>
<!-- Generated by org.testng.reporters.JUnitReportReporter -->
<testsuite skipped="0" hostname="OGITs-MacBook-Pro.local" name="com.iptiq.loadbalancer.LoadBalancerTest" tests="6" failures="0" timestamp="2020-06-23T02:44:33 CEST" time="0.009" errors="0">
  <testcase name="shouldExcludeProvider" time="0.004" classname="com.iptiq.loadbalancer.LoadBalancerTest"/>
  <system-out/>
  <testcase name="shouldRegisterNewProvider" time="0.000" classname="com.iptiq.loadbalancer.LoadBalancerTest"/>
  <system-out/>
  <testcase name="shouldThrowMaxNumberOfProvidersReachedException" time="0.001" classname="com.iptiq.loadbalancer.LoadBalancerTest"/>
  <system-out/>
  <testcase name="shouldNotThrowNoAvailableProvidersException" time="0.004" classname="com.iptiq.loadbalancer.LoadBalancerTest"/>
  <system-out/>
  <testcase name="shouldIncludeProvider" time="0.000" classname="com.iptiq.loadbalancer.LoadBalancerTest"/>
  <system-out/>
  <testcase name="shouldReturnActiveProvidersOnly" time="0.000" classname="com.iptiq.loadbalancer.LoadBalancerTest"/>
  <system-out/>
</testsuite> <!-- com.iptiq.loadbalancer.LoadBalancerTest -->
